[2025-01-25 10:47:22] local.INFO: Route planning request received {"origin":{"latitude":-25.7827,"longitude":28.2767},"destination":{"latitude":-25.7487,"longitude":28.2396}} 
[2025-01-25 10:47:22] local.INFO: Finding routes {"origin":{"latitude":-25.7827,"longitude":28.2767},"destination":{"latitude":-25.7487,"longitude":28.2396},"radius":2.0} 
[2025-01-25 10:47:22] local.INFO: Found initial routes {"count":2} 
[2025-01-25 10:47:22] local.INFO: Processing route {"route_id":3} 
[2025-01-25 10:47:22] local.INFO: Processing route {"route_id":8} 
[2025-01-25 10:47:22] local.INFO: Routes processed {"total":2} 
[2025-01-25 10:47:22] local.INFO: Routes found {"count":2} 
[2025-01-25 10:47:54] local.INFO: Route planning request received {"origin":{"latitude":-25.7544,"longitude":28.1917},"destination":{"latitude":-25.7459,"longitude":28.1879}} 
[2025-01-25 10:47:54] local.INFO: Finding routes {"origin":{"latitude":-25.7544,"longitude":28.1917},"destination":{"latitude":-25.7459,"longitude":28.1879},"radius":2.0} 
[2025-01-25 10:47:54] local.INFO: Found initial routes {"count":8} 
[2025-01-25 10:47:54] local.INFO: Processing route {"route_id":1} 
[2025-01-25 10:47:54] local.INFO: Processing route {"route_id":2} 
[2025-01-25 10:47:54] local.INFO: Processing route {"route_id":4} 
[2025-01-25 10:47:54] local.INFO: Processing route {"route_id":5} 
[2025-01-25 10:47:54] local.INFO: Processing route {"route_id":6} 
[2025-01-25 10:47:54] local.INFO: Processing route {"route_id":7} 
[2025-01-25 10:47:54] local.INFO: Processing route {"route_id":9} 
[2025-01-25 10:47:54] local.INFO: Processing route {"route_id":10} 
[2025-01-25 10:47:54] local.INFO: Routes processed {"total":8} 
[2025-01-25 10:47:54] local.INFO: Routes found {"count":8} 
[2025-01-25 10:52:30] local.INFO: Route planning request received {"origin":{"latitude":-25.7544,"longitude":28.1917},"destination":{"latitude":-25.7487,"longitude":28.2396}} 
[2025-01-25 10:52:30] local.INFO: Finding routes {"origin":{"latitude":-25.7544,"longitude":28.1917},"destination":{"latitude":-25.7487,"longitude":28.2396},"radius":2.0} 
[2025-01-25 10:52:30] local.INFO: Found initial routes {"count":2} 
[2025-01-25 10:52:30] local.INFO: Processing route {"route_id":1} 
[2025-01-25 10:52:30] local.INFO: Processing route {"route_id":6} 
[2025-01-25 10:52:30] local.INFO: Routes processed {"total":2} 
[2025-01-25 10:52:30] local.INFO: Routes found {"count":2} 
[2025-01-25 10:53:11] local.INFO: Route planning request received {"origin":{"latitude":-25.7459,"longitude":28.1879},"destination":{"latitude":-25.7487,"longitude":28.2396}} 
[2025-01-25 10:53:11] local.INFO: Finding routes {"origin":{"latitude":-25.7459,"longitude":28.1879},"destination":{"latitude":-25.7487,"longitude":28.2396},"radius":2.0} 
[2025-01-25 10:53:11] local.INFO: Found initial routes {"count":2} 
[2025-01-25 10:53:11] local.INFO: Processing route {"route_id":1} 
[2025-01-25 10:53:11] local.INFO: Processing route {"route_id":6} 
[2025-01-25 10:53:11] local.INFO: Routes processed {"total":2} 
[2025-01-25 10:53:11] local.INFO: Routes found {"count":2} 
[2025-01-25 10:57:58] local.INFO: Route planning request received {"origin":{"latitude":-25.7544,"longitude":28.1917},"destination":{"latitude":-25.7487,"longitude":28.2396}} 
[2025-01-25 10:57:58] local.INFO: Finding routes {"origin":{"latitude":-25.7544,"longitude":28.1917},"destination":{"latitude":-25.7487,"longitude":28.2396},"radius":2.0} 
[2025-01-25 10:57:58] local.INFO: Found initial routes {"count":2} 
[2025-01-25 10:57:58] local.INFO: Processing route {"route_id":1} 
[2025-01-25 10:57:58] local.INFO: Processing route {"route_id":6} 
[2025-01-25 10:57:58] local.INFO: Routes processed {"total":2} 
[2025-01-25 10:57:58] local.INFO: Routes found {"count":2} 
[2025-01-25 10:59:31] local.INFO: Route planning request received {"origin":{"latitude":-25.7544,"longitude":28.1917},"destination":{"latitude":-25.7459,"longitude":28.1879}} 
[2025-01-25 10:59:31] local.INFO: Finding routes {"origin":{"latitude":-25.7544,"longitude":28.1917},"destination":{"latitude":-25.7459,"longitude":28.1879},"radius":2.0} 
[2025-01-25 10:59:31] local.INFO: Found initial routes {"count":8} 
[2025-01-25 10:59:31] local.INFO: Processing route {"route_id":1} 
[2025-01-25 10:59:31] local.INFO: Processing route {"route_id":2} 
[2025-01-25 10:59:31] local.INFO: Processing route {"route_id":4} 
[2025-01-25 10:59:31] local.INFO: Processing route {"route_id":5} 
[2025-01-25 10:59:31] local.INFO: Processing route {"route_id":6} 
[2025-01-25 10:59:31] local.INFO: Processing route {"route_id":7} 
[2025-01-25 10:59:31] local.INFO: Processing route {"route_id":9} 
[2025-01-25 10:59:31] local.INFO: Processing route {"route_id":10} 
[2025-01-25 10:59:31] local.INFO: Routes processed {"total":8} 
[2025-01-25 10:59:31] local.INFO: Routes found {"count":8} 
[2025-01-25 10:59:43] local.INFO: Route planning request received {"origin":{"latitude":-25.7544,"longitude":28.1917},"destination":{"latitude":-25.7487,"longitude":28.2396}} 
[2025-01-25 10:59:43] local.INFO: Finding routes {"origin":{"latitude":-25.7544,"longitude":28.1917},"destination":{"latitude":-25.7487,"longitude":28.2396},"radius":2.0} 
[2025-01-25 10:59:43] local.INFO: Found initial routes {"count":2} 
[2025-01-25 10:59:43] local.INFO: Processing route {"route_id":1} 
[2025-01-25 10:59:43] local.INFO: Processing route {"route_id":6} 
[2025-01-25 10:59:43] local.INFO: Routes processed {"total":2} 
[2025-01-25 10:59:43] local.INFO: Routes found {"count":2} 
[2025-01-25 10:59:45] local.INFO: Route planning request received {"origin":{"latitude":-25.7544,"longitude":28.1917},"destination":{"latitude":-25.7487,"longitude":28.2396}} 
[2025-01-25 10:59:45] local.INFO: Finding routes {"origin":{"latitude":-25.7544,"longitude":28.1917},"destination":{"latitude":-25.7487,"longitude":28.2396},"radius":2.0} 
[2025-01-25 10:59:45] local.INFO: Found initial routes {"count":2} 
[2025-01-25 10:59:45] local.INFO: Processing route {"route_id":1} 
[2025-01-25 10:59:45] local.INFO: Processing route {"route_id":6} 
[2025-01-25 10:59:45] local.INFO: Routes processed {"total":2} 
[2025-01-25 10:59:45] local.INFO: Routes found {"count":2} 
[2025-01-25 10:59:55] local.INFO: Route planning request received {"origin":{"latitude":-25.7827,"longitude":28.2767},"destination":{"latitude":-25.7487,"longitude":28.2396}} 
[2025-01-25 10:59:55] local.INFO: Finding routes {"origin":{"latitude":-25.7827,"longitude":28.2767},"destination":{"latitude":-25.7487,"longitude":28.2396},"radius":2.0} 
[2025-01-25 10:59:55] local.INFO: Found initial routes {"count":2} 
[2025-01-25 10:59:55] local.INFO: Processing route {"route_id":3} 
[2025-01-25 10:59:55] local.INFO: Processing route {"route_id":8} 
[2025-01-25 10:59:55] local.INFO: Routes processed {"total":2} 
[2025-01-25 10:59:55] local.INFO: Routes found {"count":2} 
[2025-01-26 17:34:40] local.ERROR: Failed to fetch wallet: {"error":"Attempt to read property \"wallet\" on null","user_id":null} 
[2025-01-26 17:34:51] local.ERROR: Topup failed: {"error":"Attempt to read property \"wallet\" on null","user_id":null,"amount":50} 
[2025-01-26 17:35:11] local.ERROR: Failed to fetch wallet: {"error":"Attempt to read property \"wallet\" on null","user_id":null} 
